Arguments: 
  C:\Program Files\nodejs\node.exe C:\Users\versa\AppData\Roaming\npm\node_modules\yarn\bin\yarn.js add exectron-rebuild

PATH: 
  C:\Python310\Scripts\;C:\Python310\;C:\WINDOWS\system32;C:\WINDOWS;C:\WINDOWS\System32\Wbem;C:\WINDOWS\System32\WindowsPowerShell\v1.0\;C:\WINDOWS\System32\OpenSSH\;C:\Program Files\Git\cmd;C:\ProgramData\chocolatey\bin;C:\Program Files\nodejs\;C:\Program Files\Go\bin;C:\Users\versa\AppData\Local\Microsoft\WindowsApps;C:\Users\versa\AppData\Local\Programs\Microsoft VS Code\bin;C:\Users\versa\AppData\Roaming\npm;C:\Users\versa\go\bin

Yarn version: 
  1.22.19

Node version: 
  16.17.0

Platform: 
  win32 x64

Trace: 
  Error: https://registry.yarnpkg.com/exectron-rebuild: Not found
      at Request.params.callback [as _callback] (C:\Users\versa\AppData\Roaming\npm\node_modules\yarn\lib\cli.js:66145:18)
      at Request.self.callback (C:\Users\versa\AppData\Roaming\npm\node_modules\yarn\lib\cli.js:140890:22)
      at Request.emit (node:events:513:28)
      at Request.<anonymous> (C:\Users\versa\AppData\Roaming\npm\node_modules\yarn\lib\cli.js:141862:10)
      at Request.emit (node:events:513:28)
      at IncomingMessage.<anonymous> (C:\Users\versa\AppData\Roaming\npm\node_modules\yarn\lib\cli.js:141784:12)
      at Object.onceWrapper (node:events:627:28)
      at IncomingMessage.emit (node:events:525:35)
      at endReadableNT (node:internal/streams/readable:1358:12)
      at processTicksAndRejections (node:internal/process/task_queues:83:21)

npm manifest: 
  {
    "name": "learnElectronJsApp",
    "version": "1.0.0",
    "description": "",
    "main": "index.js",
    "scripts": {
      "dev": "electron ."
    },
    "keywords": [],
    "author": "",
    "license": "ISC",
    "dependencies": {
      "electron": "^22.0.0"
    },
    "devDependencies": {
      "asar": "^3.2.0",
      "electron-packager": "^17.1.1"
    }
  }

yarn manifest: 
  No manifest

Lockfile: 
  No lockfile
